• turbo 2.7.1
• Packages in scope: web
• Running dev in 1 packages
• Remote caching disabled
web:dev: cache bypass, force executing f949262af2c89e80
web:dev:
web:dev: > web@0.1.0 dev
web:dev: > next dev --turbopack --port 3000
web:dev:
web:dev:  ⚠ Warning: Next.js inferred your workspace root, but it may not be correct.
web:dev:  We detected multiple lockfiles and selected the directory of /app/package-lock.json as the root directory.
web:dev:  To silence this warning, set `turbopack.root` in your Next.js config, or consider removing one of the lockfiles if it's not needed.
web:dev:    See https://nextjs.org/docs/app/api-reference/config/next-config-js/turbopack#root-directory for more information.
web:dev:  Detected additional lockfiles:
web:dev:    * /app/my-turborepo/package-lock.json
web:dev:
web:dev:    ▲ Next.js 16.0.10 (Turbopack)
web:dev:    - Local:         http://localhost:3000
web:dev:    - Network:       http://192.168.0.2:3000
web:dev:    - Experiments (use with caution):
web:dev:      · serverActions
web:dev:
web:dev:  ✓ Starting...
web:dev:  ✓ Ready in 2.1s
web:dev: [baseline-browser-mapping] The data in this module is over two months old.  To ensure accurate Baseline data, please update: `npm i baseline-browser-mapping@latest -D`
web:dev:  ○ Compiling /about ...
web:dev:  GET /about 200 in 8.0s (compile: 7.3s, render: 678ms)
web:dev:  GET /about 200 in 340ms (compile: 16ms, render: 324ms)
web:dev:  GET /api/garage/vehicles 401 in 1537ms (compile: 1475ms, render: 62ms)
web:dev:  GET /api/garage/vehicles 401 in 1545ms (compile: 1504ms, render: 41ms)
